!SESSION 2021-05-27 10:13:55.338 -----------------------------------------------
eclipse.buildId=unknown
java.version=1.8.0_221
java.vendor=Oracle Corporation
BootLoader constants: OS=win32, ARCH=x86_64, WS=win32, NL=en_US
Command-line arguments:  -console

!ENTRY org.eclipse.osgi 4 0 2021-05-27 10:13:56.482
!MESSAGE Bundle reference:file:pax-confman-propsloader-0.2.3.jar@1:start not found.

!ENTRY org.eclipse.equinox.cm 4 0 2021-05-27 10:14:15.755
!MESSAGE Timer already cancelled.
!STACK 0
java.lang.IllegalStateException: Timer already cancelled.
	at java.util.Timer.sched(Unknown Source)
	at java.util.Timer.scheduleAtFixedRate(Unknown Source)
	at org.eclipse.om2m.hue.impl.HueBasedriver.initMSearchTimer(HueBasedriver.java:175)
	at org.eclipse.om2m.hue.impl.HueBasedriver.updated(HueBasedriver.java:415)
	at org.eclipse.equinox.internal.cm.ManagedServiceTracker$1.run(ManagedServiceTracker.java:276)
	at org.eclipse.equinox.internal.cm.SerializedTaskQueue$1.run(SerializedTaskQueue.java:36)

!ENTRY org.eclipse.equinox.ds 1 0 2021-05-27 10:14:15.774
!MESSAGE Could not bind a reference of component HueActivator. The reference is: Reference[name = HueLightDevice, interface = org.eclipse.om2m.hue.api.HueLightDevice, policy = dynamic, policy-option = reluctant, cardinality = 0..n, target = null, bind = setHueLightDevice, unbind = unsetHueLightDevice, updated = null]

!ENTRY org.eclipse.equinox.ds 1 0 2021-05-27 10:14:15.775
!MESSAGE Could not bind a reference of component HueActivator. The reference is: Reference[name = HueBridgeDevice, interface = org.eclipse.om2m.hue.api.HueBridgeDevice, policy = dynamic, policy-option = reluctant, cardinality = 0..n, target = null, bind = setHueBridgeDevice, unbind = unsetHueBridgeDevice, updated = null]
